[16:31:34] [ServerMain/INFO]: Environment: authHost='https://authserver.mojang.com', accountsHost='https://api.mojang.com', sessionHost='https://sessionserver.mojang.com', servicesHost='https://api.minecraftservices.com', name='PROD'
[16:31:38] [Worker-Main-18/INFO]: Loaded 7 recipes
[16:31:41] [Server thread/INFO]: Starting minecraft server version 1.18.2
[16:31:41] [Server thread/INFO]: Loading properties
[16:31:41] [Server thread/INFO]: This server is running CraftBukkit version 3465-Spigot-ffceeae-3ec79a2 (MC: 1.18.2) (Implementing API version 1.18.2-R0.1-SNAPSHOT)
[16:31:41] [Server thread/INFO]: Debug logging is disabled
[16:31:41] [Server thread/INFO]: Server Ping Player Sample Count: 12
[16:31:41] [Server thread/INFO]: Using 4 threads for Netty based IO
[16:31:41] [Server thread/INFO]: Default game type: SURVIVAL
[16:31:41] [Server thread/INFO]: Generating keypair
[16:31:41] [Server thread/INFO]: Starting Minecraft server on *:25565
[16:31:41] [Server thread/INFO]: Using default channel type
[16:31:42] [Server thread/INFO]: [WorldEdit] Loading WorldEdit v7.2.10+1742f98
[16:31:43] [Server thread/INFO]: Got request to register class com.sk89q.worldedit.bukkit.BukkitServerInterface with WorldEdit [com.sk89q.worldedit.extension.platform.PlatformManager@51368b8a]
[16:31:43] [Server thread/INFO]: [Texal] Loading Texal v1.0
[16:31:43] [Server thread/INFO]: [WorldEdit] Enabling WorldEdit v7.2.10+1742f98
[16:31:43] [Server thread/INFO]: Registering commands with com.sk89q.worldedit.bukkit.BukkitServerInterface
[16:31:43] [Server thread/INFO]: WEPIF: Using the Bukkit Permissions API.
[16:31:43] [Server thread/INFO]: Using com.sk89q.worldedit.bukkit.adapter.impl.v1_18_R2.PaperweightAdapter as the Bukkit adapter
[16:31:44] [Server thread/INFO]: [WorldEdit] ====================================================
[16:31:44] [Server thread/INFO]: [WorldEdit]  WorldEdit works better if you use Paper 
[16:31:44] [Server thread/INFO]: [WorldEdit]  as your server software. 
[16:31:44] [Server thread/INFO]: [WorldEdit]   
[16:31:44] [Server thread/INFO]: [WorldEdit]  Paper offers significant performance improvements,
[16:31:44] [Server thread/INFO]: [WorldEdit]  bug fixes, security enhancements and optional
[16:31:44] [Server thread/INFO]: [WorldEdit]  features for server owners to enhance their server.
[16:31:44] [Server thread/INFO]: [WorldEdit]   
[16:31:44] [Server thread/INFO]: [WorldEdit]  Paper includes Timings v2, which is significantly
[16:31:44] [Server thread/INFO]: [WorldEdit]  better at diagnosing lag problems over v1.
[16:31:44] [Server thread/INFO]: [WorldEdit]   
[16:31:44] [Server thread/INFO]: [WorldEdit]  All of your plugins should still work, and the
[16:31:44] [Server thread/INFO]: [WorldEdit]  Paper community will gladly help you fix any issues.
[16:31:44] [Server thread/INFO]: [WorldEdit]   
[16:31:44] [Server thread/INFO]: [WorldEdit]  Join the Paper Community @ https://papermc.io
[16:31:44] [Server thread/INFO]: [WorldEdit] ====================================================
[16:31:44] [Server thread/INFO]: Preparing level "world"
[16:31:45] [Server thread/INFO]: -------- World Settings For [world] --------
[16:31:45] [Server thread/INFO]: Experience Merge Radius: 3.0
[16:31:45] [Server thread/INFO]: Cactus Growth Modifier: 100%
[16:31:45] [Server thread/INFO]: Cane Growth Modifier: 100%
[16:31:45] [Server thread/INFO]: Melon Growth Modifier: 100%
[16:31:45] [Server thread/INFO]: Mushroom Growth Modifier: 100%
[16:31:45] [Server thread/INFO]: Pumpkin Growth Modifier: 100%
[16:31:45] [Server thread/INFO]: Sapling Growth Modifier: 100%
[16:31:45] [Server thread/INFO]: Beetroot Growth Modifier: 100%
[16:31:45] [Server thread/INFO]: Carrot Growth Modifier: 100%
[16:31:45] [Server thread/INFO]: Potato Growth Modifier: 100%
[16:31:45] [Server thread/INFO]: Wheat Growth Modifier: 100%
[16:31:45] [Server thread/INFO]: NetherWart Growth Modifier: 100%
[16:31:45] [Server thread/INFO]: Vine Growth Modifier: 100%
[16:31:45] [Server thread/INFO]: Cocoa Growth Modifier: 100%
[16:31:45] [Server thread/INFO]: Bamboo Growth Modifier: 100%
[16:31:45] [Server thread/INFO]: SweetBerry Growth Modifier: 100%
[16:31:45] [Server thread/INFO]: Kelp Growth Modifier: 100%
[16:31:45] [Server thread/INFO]: Entity Tracking Range: Pl 48 / An 48 / Mo 48 / Mi 32 / Other 64
[16:31:45] [Server thread/INFO]: Entity Activation Range: An 32 / Mo 32 / Ra 48 / Mi 16 / Tiv true / Isa false
[16:31:45] [Server thread/INFO]: Hopper Transfer: 8 Hopper Check: 1 Hopper Amount: 1
[16:31:45] [Server thread/INFO]: Custom Map Seeds:  Village: 10387312 Desert: 14357617 Igloo: 14357618 Jungle: 14357619 Swamp: 14357620 Monument: 10387313 Ocean: 14357621 Shipwreck: 165745295 End City: 10387313 Slime: 987234911 Nether: 30084232 Mansion: 10387319 Fossil: 14357921 Portal: 34222645
[16:31:45] [Server thread/INFO]: Max TNT Explosions: 100
[16:31:45] [Server thread/INFO]: Tile Max Tick Time: 50ms Entity max Tick Time: 50ms
[16:31:45] [Server thread/INFO]: Allow Zombie Pigmen to spawn from portal blocks: true
[16:31:45] [Server thread/INFO]: Item Despawn Rate: 6000
[16:31:45] [Server thread/INFO]: Item Merge Radius: 2.5
[16:31:45] [Server thread/INFO]: Simulation Distance: 10
[16:31:45] [Server thread/INFO]: View Distance: 10
[16:31:45] [Server thread/INFO]: Zombie Aggressive Towards Villager: true
[16:31:45] [Server thread/INFO]: Nerfing mobs spawned from spawners: false
[16:31:45] [Server thread/INFO]: Mob Spawn Range: 6
[16:31:45] [Server thread/INFO]: Arrow Despawn Rate: 1200 Trident Respawn Rate:1200
[16:31:45] [Server thread/INFO]: Preparing start region for dimension minecraft:overworld
[16:31:47] [Worker-Main-30/INFO]: Preparing spawn area: 0%
[16:31:47] [Worker-Main-30/INFO]: Preparing spawn area: 0%
[16:31:47] [Worker-Main-26/INFO]: Preparing spawn area: 0%
[16:31:47] [Worker-Main-30/INFO]: Preparing spawn area: 0%
[16:31:48] [Worker-Main-27/INFO]: Preparing spawn area: 0%
[16:31:48] [Worker-Main-22/INFO]: Preparing spawn area: 0%
[16:31:48] [Worker-Main-23/INFO]: Preparing spawn area: 0%
[16:31:49] [Worker-Main-16/INFO]: Preparing spawn area: 4%
[16:31:49] [Worker-Main-21/INFO]: Preparing spawn area: 9%
[16:31:50] [Worker-Main-30/INFO]: Preparing spawn area: 51%
[16:31:50] [Server thread/INFO]: Time elapsed: 4918 ms
[16:31:50] [Server thread/INFO]: [Texal] Enabling Texal v1.0
[16:31:50] [Server thread/INFO]: Server permissions file permissions.yml is empty, ignoring it
[16:31:50] [Server thread/INFO]: Done (5.942s)! For help, type "help"
[16:31:52] [Server thread/INFO]: com.mojang.authlib.GameProfile@2d1652e[id=<null>,name=DADp,properties={},legacy=false] (/127.0.0.1:58628) lost connection: Disconnected
[16:32:01] [User Authenticator #1/INFO]: UUID of player DADp is 61d68835-2284-41cd-b4fd-a446ed52e246
[16:32:02] [Server thread/INFO]: DADp[/127.0.0.1:58638] logged in with entity id 1 at ([world]-6.0676372690860925, 0.0, -8.171600093764903)
[16:32:12] [Server thread/INFO]: DADp issued server command: /worldtest mediumplate
[16:32:12] [Server thread/INFO]: -------- World Settings For [mediumplate] --------
[16:32:12] [Server thread/INFO]: Experience Merge Radius: 3.0
[16:32:12] [Server thread/INFO]: Cactus Growth Modifier: 100%
[16:32:12] [Server thread/INFO]: Cane Growth Modifier: 100%
[16:32:12] [Server thread/INFO]: Melon Growth Modifier: 100%
[16:32:12] [Server thread/INFO]: Mushroom Growth Modifier: 100%
[16:32:12] [Server thread/INFO]: Pumpkin Growth Modifier: 100%
[16:32:12] [Server thread/INFO]: Sapling Growth Modifier: 100%
[16:32:12] [Server thread/INFO]: Beetroot Growth Modifier: 100%
[16:32:12] [Server thread/INFO]: Carrot Growth Modifier: 100%
[16:32:12] [Server thread/INFO]: Potato Growth Modifier: 100%
[16:32:12] [Server thread/INFO]: Wheat Growth Modifier: 100%
[16:32:12] [Server thread/INFO]: NetherWart Growth Modifier: 100%
[16:32:12] [Server thread/INFO]: Vine Growth Modifier: 100%
[16:32:12] [Server thread/INFO]: Cocoa Growth Modifier: 100%
[16:32:12] [Server thread/INFO]: Bamboo Growth Modifier: 100%
[16:32:12] [Server thread/INFO]: SweetBerry Growth Modifier: 100%
[16:32:12] [Server thread/INFO]: Kelp Growth Modifier: 100%
[16:32:12] [Server thread/INFO]: Entity Tracking Range: Pl 48 / An 48 / Mo 48 / Mi 32 / Other 64
[16:32:12] [Server thread/INFO]: Entity Activation Range: An 32 / Mo 32 / Ra 48 / Mi 16 / Tiv true / Isa false
[16:32:12] [Server thread/INFO]: Hopper Transfer: 8 Hopper Check: 1 Hopper Amount: 1
[16:32:12] [Server thread/INFO]: Custom Map Seeds:  Village: 10387312 Desert: 14357617 Igloo: 14357618 Jungle: 14357619 Swamp: 14357620 Monument: 10387313 Ocean: 14357621 Shipwreck: 165745295 End City: 10387313 Slime: 987234911 Nether: 30084232 Mansion: 10387319 Fossil: 14357921 Portal: 34222645
[16:32:12] [Server thread/INFO]: Max TNT Explosions: 100
[16:32:12] [Server thread/INFO]: Tile Max Tick Time: 50ms Entity max Tick Time: 50ms
[16:32:12] [Server thread/INFO]: Allow Zombie Pigmen to spawn from portal blocks: true
[16:32:12] [Server thread/INFO]: Item Despawn Rate: 6000
[16:32:12] [Server thread/INFO]: Item Merge Radius: 2.5
[16:32:12] [Server thread/INFO]: Simulation Distance: 10
[16:32:12] [Server thread/INFO]: View Distance: 10
[16:32:12] [Server thread/INFO]: Zombie Aggressive Towards Villager: true
[16:32:12] [Server thread/INFO]: Nerfing mobs spawned from spawners: false
[16:32:12] [Server thread/INFO]: Mob Spawn Range: 6
[16:32:12] [Server thread/INFO]: Arrow Despawn Rate: 1200 Trident Respawn Rate:1200
[16:32:12] [Server thread/INFO]: Preparing start region for dimension minecraft:mediumplate
[16:32:12] [Worker-Main-27/INFO]: Preparing spawn area: 0%
[16:32:13] [Worker-Main-29/INFO]: Preparing spawn area: 0%
[16:32:13] [Worker-Main-29/INFO]: Preparing spawn area: 40%
[16:32:13] [Server thread/INFO]: Time elapsed: 1245 ms
[16:32:13] [Server thread/INFO]: [CraftWorld{name=world}, CraftWorld{name=mediumplate}]
[16:32:23] [Server thread/INFO]: DADp issued server command: /worldtest world
[16:36:15] [Server thread/INFO]: DADp issued server command: /unloadworld
[16:36:20] [Server thread/INFO]: DADp issued server command: /unloadworld mediumplate
[16:36:29] [Server thread/INFO]: DADp issued server command: /whitelist on
[16:36:29] [Server thread/INFO]: [DADp: Whitelist is now turned on]
[16:36:31] [Server thread/INFO]: DADp issued server command: /whitelist add DADp
[16:36:31] [Server thread/INFO]: [DADp: Added DADp to the whitelist]
[16:36:34] [Server thread/INFO]: DADp issued server command: /whitelist add Emlisy
[16:36:34] [Server thread/INFO]: [DADp: Added Emlisy to the whitelist]
[16:36:56] [Server thread/INFO]: Stopping the server
[16:36:56] [Server thread/INFO]: Stopping server
[16:36:56] [Server thread/INFO]: [Texal] Disabling Texal v1.0
[16:36:56] [Server thread/INFO]: [WorldEdit] Disabling WorldEdit v7.2.10+1742f98
[16:36:56] [Server thread/INFO]: Unregistering com.sk89q.worldedit.bukkit.BukkitServerInterface from WorldEdit
[16:36:56] [Server thread/INFO]: Saving players
[16:36:56] [Server thread/INFO]: DADp lost connection: Server closed
[16:36:56] [Server thread/INFO]: DADp left the game.
[16:36:56] [Server thread/INFO]: Saving worlds
[16:36:56] [Server thread/INFO]: Saving chunks for level 'ServerLevel[world]'/minecraft:overworld
[16:36:57] [Server thread/INFO]: ThreadedAnvilChunkStorage (world): All chunks are saved
[16:36:57] [Server thread/INFO]: ThreadedAnvilChunkStorage: All dimensions are saved
